Refreshing org.springframework.context.support.ClassPathXmlApplicationContext@167d940: display name [org.springframework.context.support.ClassPathXmlApplicationContext@167d940]; startup date [Sun Nov 27 04:01:36 GMT 2011]; root of context hierarchy [main] INFO  org.springframework.context.support.ClassPathXmlApplicationContext  27 十一月 2011 04:01:36,515 
Loading XML bean definitions from class path resource [Spring-Customer.xml] [main] INFO  org.springframework.beans.factory.xml.XmlBeanDefinitionReader  27 十一月 2011 04:01:36,593 
Using JAXP provider [com.sun.org.apache.xerces.internal.jaxp.DocumentBuilderFactoryImpl] [main] DEBUG org.springframework.beans.factory.xml.DefaultDocumentLoader  27 十一月 2011 04:01:36,593 
Loading schema mappings from [META-INF/spring.schemas] [main] DEBUG org.springframework.beans.factory.xml.PluggableSchemaResolver  27 十一月 2011 04:01:36,640 
Loaded schema mappings: {http://www.springframework.org/schema/lang/spring-lang-2.5.xsd=org/springframework/scripting/config/spring-lang-2.5.xsd, http://www.springframework.org/schema/lang/spring-lang.xsd=org/springframework/scripting/config/spring-lang-2.5.xsd, http://www.springframework.org/schema/context/spring-context-2.5.xsd=org/springframework/context/config/spring-context-2.5.xsd, http://www.springframework.org/schema/jms/spring-jms-2.5.xsd=org/springframework/jms/config/spring-jms-2.5.xsd, http://www.springframework.org/schema/context/spring-context.xsd=org/springframework/context/config/spring-context-2.5.xsd, http://www.springframework.org/schema/aop/spring-aop.xsd=org/springframework/aop/config/spring-aop-2.5.xsd, http://www.springframework.org/schema/util/spring-util-2.0.xsd=org/springframework/beans/factory/xml/spring-util-2.0.xsd, http://www.springframework.org/schema/util/spring-util-2.5.xsd=org/springframework/beans/factory/xml/spring-util-2.5.xsd, http://www.springframework.org/schema/tool/spring-tool-2.0.xsd=org/springframework/beans/factory/xml/spring-tool-2.0.xsd, http://www.springframework.org/schema/tx/spring-tx-2.0.xsd=org/springframework/transaction/config/spring-tx-2.0.xsd, http://www.springframework.org/schema/tool/spring-tool-2.5.xsd=org/springframework/beans/factory/xml/spring-tool-2.5.xsd, http://www.springframework.org/schema/tx/spring-tx-2.5.xsd=org/springframework/transaction/config/spring-tx-2.5.xsd, http://www.springframework.org/schema/beans/spring-beans-2.0.xsd=org/springframework/beans/factory/xml/spring-beans-2.0.xsd, http://www.springframework.org/schema/jms/spring-jms.xsd=org/springframework/jms/config/spring-jms-2.5.xsd, http://www.springframework.org/schema/beans/spring-beans-2.5.xsd=org/springframework/beans/factory/xml/spring-beans-2.5.xsd, http://www.springframework.org/schema/beans/spring-beans.xsd=org/springframework/beans/factory/xml/spring-beans-2.5.xsd, http://www.springframework.org/schema/jee/spring-jee.xsd=org/springframework/ejb/config/spring-jee-2.5.xsd, http://www.springframework.org/schema/tool/spring-tool.xsd=org/springframework/beans/factory/xml/spring-tool-2.5.xsd, http://www.springframework.org/schema/tx/spring-tx.xsd=org/springframework/transaction/config/spring-tx-2.5.xsd, http://www.springframework.org/schema/jee/spring-jee-2.0.xsd=org/springframework/ejb/config/spring-jee-2.0.xsd, http://www.springframework.org/schema/aop/spring-aop-2.0.xsd=org/springframework/aop/config/spring-aop-2.0.xsd, http://www.springframework.org/schema/aop/spring-aop-2.5.xsd=org/springframework/aop/config/spring-aop-2.5.xsd, http://www.springframework.org/schema/jee/spring-jee-2.5.xsd=org/springframework/ejb/config/spring-jee-2.5.xsd, http://www.springframework.org/schema/lang/spring-lang-2.0.xsd=org/springframework/scripting/config/spring-lang-2.0.xsd, http://www.springframework.org/schema/util/spring-util.xsd=org/springframework/beans/factory/xml/spring-util-2.5.xsd} [main] DEBUG org.springframework.beans.factory.xml.PluggableSchemaResolver  27 十一月 2011 04:01:36,640 
Found XML schema [http://www.springframework.org/schema/beans/spring-beans-2.5.xsd] in classpath: org/springframework/beans/factory/xml/spring-beans-2.5.xsd [main] DEBUG org.springframework.beans.factory.xml.PluggableSchemaResolver  27 十一月 2011 04:01:36,656 
Loading bean definitions [main] DEBUG org.springframework.beans.factory.xml.DefaultBeanDefinitionDocumentReader  27 十一月 2011 04:01:36,734 
Loaded 4 bean definitions from location pattern [Spring-Customer.xml] [main] DEBUG org.springframework.beans.factory.xml.XmlBeanDefinitionReader  27 十一月 2011 04:01:36,765 
Bean factory for application context [org.springframework.context.support.ClassPathXmlApplicationContext@167d940]: org.springframework.beans.factory.support.DefaultListableBeanFactory@13a317a [main] INFO  org.springframework.context.support.ClassPathXmlApplicationContext  27 十一月 2011 04:01:36,765 
4 beans defined in org.springframework.context.support.ClassPathXmlApplicationContext@167d940: display name [org.springframework.context.support.ClassPathXmlApplicationContext@167d940]; startup date [Sun Nov 27 04:01:36 GMT 2011]; root of context hierarchy [main] DEBUG org.springframework.context.support.ClassPathXmlApplicationContext  27 十一月 2011 04:01:36,765 
Unable to locate MessageSource with name 'messageSource': using default [org.springframework.context.support.DelegatingMessageSource@139eeda] [main] DEBUG org.springframework.context.support.ClassPathXmlApplicationContext  27 十一月 2011 04:01:36,796 
Unable to locate ApplicationEventMulticaster with name 'applicationEventMulticaster': using default [org.springframework.context.event.SimpleApplicationEventMulticaster@1a33d48] [main] DEBUG org.springframework.context.support.ClassPathXmlApplicationContext  27 十一月 2011 04:01:36,796 
Pre-instantiating singletons in org.springframework.beans.factory.support.DefaultListableBeanFactory@13a317a: defining beans [customerService,hijackAroundMethodBeanAdvice,customerServiceProxy,customerAdvisor]; root of factory hierarchy [main] INFO  org.springframework.beans.factory.support.DefaultListableBeanFactory  27 十一月 2011 04:01:36,796 
Creating shared instance of singleton bean 'customerService' [main] DEBUG org.springframework.beans.factory.support.DefaultListableBeanFactory  27 十一月 2011 04:01:36,796 
Creating instance of bean 'customerService' [main] DEBUG org.springframework.beans.factory.support.DefaultListableBeanFactory  27 十一月 2011 04:01:36,796 
Eagerly caching bean 'customerService' to allow for resolving potential circular references [main] DEBUG org.springframework.beans.factory.support.DefaultListableBeanFactory  27 十一月 2011 04:01:36,828 
Finished creating instance of bean 'customerService' [main] DEBUG org.springframework.beans.factory.support.DefaultListableBeanFactory  27 十一月 2011 04:01:36,828 
Creating shared instance of singleton bean 'hijackAroundMethodBeanAdvice' [main] DEBUG org.springframework.beans.factory.support.DefaultListableBeanFactory  27 十一月 2011 04:01:36,828 
Creating instance of bean 'hijackAroundMethodBeanAdvice' [main] DEBUG org.springframework.beans.factory.support.DefaultListableBeanFactory  27 十一月 2011 04:01:36,828 
Eagerly caching bean 'hijackAroundMethodBeanAdvice' to allow for resolving potential circular references [main] DEBUG org.springframework.beans.factory.support.DefaultListableBeanFactory  27 十一月 2011 04:01:36,828 
Finished creating instance of bean 'hijackAroundMethodBeanAdvice' [main] DEBUG org.springframework.beans.factory.support.DefaultListableBeanFactory  27 十一月 2011 04:01:36,828 
Creating shared instance of singleton bean 'customerServiceProxy' [main] DEBUG org.springframework.beans.factory.support.DefaultListableBeanFactory  27 十一月 2011 04:01:36,828 
Creating instance of bean 'customerServiceProxy' [main] DEBUG org.springframework.beans.factory.support.DefaultListableBeanFactory  27 十一月 2011 04:01:36,828 
Eagerly caching bean 'customerServiceProxy' to allow for resolving potential circular references [main] DEBUG org.springframework.beans.factory.support.DefaultListableBeanFactory  27 十一月 2011 04:01:36,859 
Returning cached instance of singleton bean 'customerService' [main] DEBUG org.springframework.beans.factory.support.DefaultListableBeanFactory  27 十一月 2011 04:01:36,859 
Finished creating instance of bean 'customerServiceProxy' [main] DEBUG org.springframework.beans.factory.support.DefaultListableBeanFactory  27 十一月 2011 04:01:36,875 
Creating shared instance of singleton bean 'customerAdvisor' [main] DEBUG org.springframework.beans.factory.support.DefaultListableBeanFactory  27 十一月 2011 04:01:36,875 
Creating instance of bean 'customerAdvisor' [main] DEBUG org.springframework.beans.factory.support.DefaultListableBeanFactory  27 十一月 2011 04:01:36,875 
Eagerly caching bean 'customerAdvisor' to allow for resolving potential circular references [main] DEBUG org.springframework.beans.factory.support.DefaultListableBeanFactory  27 十一月 2011 04:01:36,875 
Returning cached instance of singleton bean 'hijackAroundMethodBeanAdvice' [main] DEBUG org.springframework.beans.factory.support.DefaultListableBeanFactory  27 十一月 2011 04:01:36,890 
Finished creating instance of bean 'customerAdvisor' [main] DEBUG org.springframework.beans.factory.support.DefaultListableBeanFactory  27 十一月 2011 04:01:36,890 
Returning cached instance of singleton bean 'customerServiceProxy' [main] DEBUG org.springframework.beans.factory.support.DefaultListableBeanFactory  27 十一月 2011 04:01:36,890 
Returning cached instance of singleton bean 'customerAdvisor' [main] DEBUG org.springframework.beans.factory.support.DefaultListableBeanFactory  27 十一月 2011 04:01:36,890 
Advice has changed; recaching singleton instance [main] DEBUG org.springframework.aop.framework.ProxyFactoryBean  27 十一月 2011 04:01:36,890 
Creating CGLIB2 proxy: target source is SingletonTargetSource for target object [com.mkyong.customer.services.CustomerService@17725c4] [main] DEBUG org.springframework.aop.framework.Cglib2AopProxy  27 十一月 2011 04:01:36,890 
Unable to apply any optimisations to advised method: public void com.mkyong.customer.services.CustomerService.printName() [main] DEBUG org.springframework.aop.framework.Cglib2AopProxy  27 十一月 2011 04:01:37,015 
Unable to apply any optimisations to advised method: public void com.mkyong.customer.services.CustomerService.printURL() [main] DEBUG org.springframework.aop.framework.Cglib2AopProxy  27 十一月 2011 04:01:37,015 
Unable to apply any optimisations to advised method: public void com.mkyong.customer.services.CustomerService.printThrowException() [main] DEBUG org.springframework.aop.framework.Cglib2AopProxy  27 十一月 2011 04:01:37,015 
Unable to apply any optimisations to advised method: public void com.mkyong.customer.services.CustomerService.setUrl(java.lang.String) [main] DEBUG org.springframework.aop.framework.Cglib2AopProxy  27 十一月 2011 04:01:37,015 
Unable to apply any optimisations to advised method: public void com.mkyong.customer.services.CustomerService.setName(java.lang.String) [main] DEBUG org.springframework.aop.framework.Cglib2AopProxy  27 十一月 2011 04:01:37,015 
Found finalize() method - using NO_OVERRIDE [main] DEBUG org.springframework.aop.framework.Cglib2AopProxy  27 十一月 2011 04:01:37,015 
Found 'equals' method: public boolean java.lang.Object.equals(java.lang.Object) [main] DEBUG org.springframework.aop.framework.Cglib2AopProxy  27 十一月 2011 04:01:37,015 
Unable to apply any optimisations to advised method: public java.lang.String java.lang.Object.toString() [main] DEBUG org.springframework.aop.framework.Cglib2AopProxy  27 十一月 2011 04:01:37,015 
Found 'hashCode' method: public native int java.lang.Object.hashCode() [main] DEBUG org.springframework.aop.framework.Cglib2AopProxy  27 十一月 2011 04:01:37,015 
Unable to apply any optimisations to advised method: protected native java.lang.Object java.lang.Object.clone() throws java.lang.CloneNotSupportedException [main] DEBUG org.springframework.aop.framework.Cglib2AopProxy  27 十一月 2011 04:01:37,031 
Method is declared on Advised interface: public abstract java.lang.Class[] org.springframework.aop.framework.Advised.getProxiedInterfaces() [main] DEBUG org.springframework.aop.framework.Cglib2AopProxy  27 十一月 2011 04:01:37,031 
Method is declared on Advised interface: public abstract boolean org.springframework.aop.framework.Advised.isProxyTargetClass() [main] DEBUG org.springframework.aop.framework.Cglib2AopProxy  27 十一月 2011 04:01:37,031 
Method is declared on Advised interface: public abstract org.springframework.aop.Advisor[] org.springframework.aop.framework.Advised.getAdvisors() [main] DEBUG org.springframework.aop.framework.Cglib2AopProxy  27 十一月 2011 04:01:37,031 
Method is declared on Advised interface: public abstract void org.springframework.aop.framework.Advised.addAdvisor(org.springframework.aop.Advisor) throws org.springframework.aop.framework.AopConfigException [main] DEBUG org.springframework.aop.framework.Cglib2AopProxy  27 十一月 2011 04:01:37,031 
Method is declared on Advised interface: public abstract void org.springframework.aop.framework.Advised.addAdvisor(int,org.springframework.aop.Advisor) throws org.springframework.aop.framework.AopConfigException [main] DEBUG org.springframework.aop.framework.Cglib2AopProxy  27 十一月 2011 04:01:37,031 
Method is declared on Advised interface: public abstract void org.springframework.aop.framework.Advised.setTargetSource(org.springframework.aop.TargetSource) [main] DEBUG org.springframework.aop.framework.Cglib2AopProxy  27 十一月 2011 04:01:37,031 
Method is declared on Advised interface: public abstract org.springframework.aop.TargetSource org.springframework.aop.framework.Advised.getTargetSource() [main] DEBUG org.springframework.aop.framework.Cglib2AopProxy  27 十一月 2011 04:01:37,031 
Method is declared on Advised interface: public abstract void org.springframework.aop.framework.Advised.setPreFiltered(boolean) [main] DEBUG org.springframework.aop.framework.Cglib2AopProxy  27 十一月 2011 04:01:37,031 
Method is declared on Advised interface: public abstract boolean org.springframework.aop.framework.Advised.isPreFiltered() [main] DEBUG org.springframework.aop.framework.Cglib2AopProxy  27 十一月 2011 04:01:37,031 
Method is declared on Advised interface: public abstract boolean org.springframework.aop.framework.Advised.isInterfaceProxied(java.lang.Class) [main] DEBUG org.springframework.aop.framework.Cglib2AopProxy  27 十一月 2011 04:01:37,031 
Method is declared on Advised interface: public abstract void org.springframework.aop.framework.Advised.removeAdvisor(int) throws org.springframework.aop.framework.AopConfigException [main] DEBUG org.springframework.aop.framework.Cglib2AopProxy  27 十一月 2011 04:01:37,031 
Method is declared on Advised interface: public abstract boolean org.springframework.aop.framework.Advised.removeAdvisor(org.springframework.aop.Advisor) [main] DEBUG org.springframework.aop.framework.Cglib2AopProxy  27 十一月 2011 04:01:37,031 
Method is declared on Advised interface: public abstract boolean org.springframework.aop.framework.Advised.isFrozen() [main] DEBUG org.springframework.aop.framework.Cglib2AopProxy  27 十一月 2011 04:01:37,031 
Method is declared on Advised interface: public abstract boolean org.springframework.aop.framework.Advised.replaceAdvisor(org.springframework.aop.Advisor,org.springframework.aop.Advisor) throws org.springframework.aop.framework.AopConfigException [main] DEBUG org.springframework.aop.framework.Cglib2AopProxy  27 十一月 2011 04:01:37,031 
Method is declared on Advised interface: public abstract void org.springframework.aop.framework.Advised.addAdvice(int,org.aopalliance.aop.Advice) throws org.springframework.aop.framework.AopConfigException [main] DEBUG org.springframework.aop.framework.Cglib2AopProxy  27 十一月 2011 04:01:37,031 
Method is declared on Advised interface: public abstract void org.springframework.aop.framework.Advised.addAdvice(org.aopalliance.aop.Advice) throws org.springframework.aop.framework.AopConfigException [main] DEBUG org.springframework.aop.framework.Cglib2AopProxy  27 十一月 2011 04:01:37,031 
Method is declared on Advised interface: public abstract boolean org.springframework.aop.framework.Advised.removeAdvice(org.aopalliance.aop.Advice) [main] DEBUG org.springframework.aop.framework.Cglib2AopProxy  27 十一月 2011 04:01:37,031 
Method is declared on Advised interface: public abstract java.lang.String org.springframework.aop.framework.Advised.toProxyConfigString() [main] DEBUG org.springframework.aop.framework.Cglib2AopProxy  27 十一月 2011 04:01:37,031 
Method is declared on Advised interface: public abstract void org.springframework.aop.framework.Advised.setExposeProxy(boolean) [main] DEBUG org.springframework.aop.framework.Cglib2AopProxy  27 十一月 2011 04:01:37,031 
Method is declared on Advised interface: public abstract boolean org.springframework.aop.framework.Advised.isExposeProxy() [main] DEBUG org.springframework.aop.framework.Cglib2AopProxy  27 十一月 2011 04:01:37,031 
Method is declared on Advised interface: public abstract int org.springframework.aop.framework.Advised.indexOf(org.aopalliance.aop.Advice) [main] DEBUG org.springframework.aop.framework.Cglib2AopProxy  27 十一月 2011 04:01:37,031 
Method is declared on Advised interface: public abstract int org.springframework.aop.framework.Advised.indexOf(org.springframework.aop.Advisor) [main] DEBUG org.springframework.aop.framework.Cglib2AopProxy  27 十一月 2011 04:01:37,031 
Method is declared on Advised interface: public abstract java.lang.Class org.springframework.aop.TargetClassAware.getTargetClass() [main] DEBUG org.springframework.aop.framework.Cglib2AopProxy  27 十一月 2011 04:01:37,031 
Refreshing org.springframework.context.support.ClassPathXmlApplicationContext@167d940: display name [org.springframework.context.support.ClassPathXmlApplicationContext@167d940]; startup date [Sun Nov 27 04:05:33 GMT 2011]; root of context hierarchy [main] INFO  org.springframework.context.support.ClassPathXmlApplicationContext  27 十一月 2011 04:05:33,328 
Loading XML bean definitions from class path resource [Spring-Customer.xml] [main] INFO  org.springframework.beans.factory.xml.XmlBeanDefinitionReader  27 十一月 2011 04:05:33,406 
Using JAXP provider [com.sun.org.apache.xerces.internal.jaxp.DocumentBuilderFactoryImpl] [main] DEBUG org.springframework.beans.factory.xml.DefaultDocumentLoader  27 十一月 2011 04:05:33,406 
Loading schema mappings from [META-INF/spring.schemas] [main] DEBUG org.springframework.beans.factory.xml.PluggableSchemaResolver  27 十一月 2011 04:05:33,453 
Loaded schema mappings: {http://www.springframework.org/schema/lang/spring-lang-2.5.xsd=org/springframework/scripting/config/spring-lang-2.5.xsd, http://www.springframework.org/schema/lang/spring-lang.xsd=org/springframework/scripting/config/spring-lang-2.5.xsd, http://www.springframework.org/schema/context/spring-context-2.5.xsd=org/springframework/context/config/spring-context-2.5.xsd, http://www.springframework.org/schema/jms/spring-jms-2.5.xsd=org/springframework/jms/config/spring-jms-2.5.xsd, http://www.springframework.org/schema/context/spring-context.xsd=org/springframework/context/config/spring-context-2.5.xsd, http://www.springframework.org/schema/aop/spring-aop.xsd=org/springframework/aop/config/spring-aop-2.5.xsd, http://www.springframework.org/schema/util/spring-util-2.0.xsd=org/springframework/beans/factory/xml/spring-util-2.0.xsd, http://www.springframework.org/schema/util/spring-util-2.5.xsd=org/springframework/beans/factory/xml/spring-util-2.5.xsd, http://www.springframework.org/schema/tool/spring-tool-2.0.xsd=org/springframework/beans/factory/xml/spring-tool-2.0.xsd, http://www.springframework.org/schema/tx/spring-tx-2.0.xsd=org/springframework/transaction/config/spring-tx-2.0.xsd, http://www.springframework.org/schema/tool/spring-tool-2.5.xsd=org/springframework/beans/factory/xml/spring-tool-2.5.xsd, http://www.springframework.org/schema/tx/spring-tx-2.5.xsd=org/springframework/transaction/config/spring-tx-2.5.xsd, http://www.springframework.org/schema/beans/spring-beans-2.0.xsd=org/springframework/beans/factory/xml/spring-beans-2.0.xsd, http://www.springframework.org/schema/jms/spring-jms.xsd=org/springframework/jms/config/spring-jms-2.5.xsd, http://www.springframework.org/schema/beans/spring-beans-2.5.xsd=org/springframework/beans/factory/xml/spring-beans-2.5.xsd, http://www.springframework.org/schema/beans/spring-beans.xsd=org/springframework/beans/factory/xml/spring-beans-2.5.xsd, http://www.springframework.org/schema/jee/spring-jee.xsd=org/springframework/ejb/config/spring-jee-2.5.xsd, http://www.springframework.org/schema/tool/spring-tool.xsd=org/springframework/beans/factory/xml/spring-tool-2.5.xsd, http://www.springframework.org/schema/tx/spring-tx.xsd=org/springframework/transaction/config/spring-tx-2.5.xsd, http://www.springframework.org/schema/jee/spring-jee-2.0.xsd=org/springframework/ejb/config/spring-jee-2.0.xsd, http://www.springframework.org/schema/aop/spring-aop-2.0.xsd=org/springframework/aop/config/spring-aop-2.0.xsd, http://www.springframework.org/schema/aop/spring-aop-2.5.xsd=org/springframework/aop/config/spring-aop-2.5.xsd, http://www.springframework.org/schema/jee/spring-jee-2.5.xsd=org/springframework/ejb/config/spring-jee-2.5.xsd, http://www.springframework.org/schema/lang/spring-lang-2.0.xsd=org/springframework/scripting/config/spring-lang-2.0.xsd, http://www.springframework.org/schema/util/spring-util.xsd=org/springframework/beans/factory/xml/spring-util-2.5.xsd} [main] DEBUG org.springframework.beans.factory.xml.PluggableSchemaResolver  27 十一月 2011 04:05:33,453 
Found XML schema [http://www.springframework.org/schema/beans/spring-beans-2.5.xsd] in classpath: org/springframework/beans/factory/xml/spring-beans-2.5.xsd [main] DEBUG org.springframework.beans.factory.xml.PluggableSchemaResolver  27 十一月 2011 04:05:33,468 
Loading bean definitions [main] DEBUG org.springframework.beans.factory.xml.DefaultBeanDefinitionDocumentReader  27 十一月 2011 04:05:33,546 
Loaded 4 bean definitions from location pattern [Spring-Customer.xml] [main] DEBUG org.springframework.beans.factory.xml.XmlBeanDefinitionReader  27 十一月 2011 04:05:33,578 
Bean factory for application context [org.springframework.context.support.ClassPathXmlApplicationContext@167d940]: org.springframework.beans.factory.support.DefaultListableBeanFactory@13a317a [main] INFO  org.springframework.context.support.ClassPathXmlApplicationContext  27 十一月 2011 04:05:33,578 
4 beans defined in org.springframework.context.support.ClassPathXmlApplicationContext@167d940: display name [org.springframework.context.support.ClassPathXmlApplicationContext@167d940]; startup date [Sun Nov 27 04:05:33 GMT 2011]; root of context hierarchy [main] DEBUG org.springframework.context.support.ClassPathXmlApplicationContext  27 十一月 2011 04:05:33,578 
Unable to locate MessageSource with name 'messageSource': using default [org.springframework.context.support.DelegatingMessageSource@139eeda] [main] DEBUG org.springframework.context.support.ClassPathXmlApplicationContext  27 十一月 2011 04:05:33,625 
Unable to locate ApplicationEventMulticaster with name 'applicationEventMulticaster': using default [org.springframework.context.event.SimpleApplicationEventMulticaster@1a33d48] [main] DEBUG org.springframework.context.support.ClassPathXmlApplicationContext  27 十一月 2011 04:05:33,625 
Pre-instantiating singletons in org.springframework.beans.factory.support.DefaultListableBeanFactory@13a317a: defining beans [customerService,hijackAroundMethodBeanAdvice,customerServiceProxy,customerAdvisor]; root of factory hierarchy [main] INFO  org.springframework.beans.factory.support.DefaultListableBeanFactory  27 十一月 2011 04:05:33,625 
Creating shared instance of singleton bean 'customerService' [main] DEBUG org.springframework.beans.factory.support.DefaultListableBeanFactory  27 十一月 2011 04:05:33,625 
Creating instance of bean 'customerService' [main] DEBUG org.springframework.beans.factory.support.DefaultListableBeanFactory  27 十一月 2011 04:05:33,625 
Eagerly caching bean 'customerService' to allow for resolving potential circular references [main] DEBUG org.springframework.beans.factory.support.DefaultListableBeanFactory  27 十一月 2011 04:05:33,671 
Finished creating instance of bean 'customerService' [main] DEBUG org.springframework.beans.factory.support.DefaultListableBeanFactory  27 十一月 2011 04:05:33,687 
Creating shared instance of singleton bean 'hijackAroundMethodBeanAdvice' [main] DEBUG org.springframework.beans.factory.support.DefaultListableBeanFactory  27 十一月 2011 04:05:33,687 
Creating instance of bean 'hijackAroundMethodBeanAdvice' [main] DEBUG org.springframework.beans.factory.support.DefaultListableBeanFactory  27 十一月 2011 04:05:33,687 
Eagerly caching bean 'hijackAroundMethodBeanAdvice' to allow for resolving potential circular references [main] DEBUG org.springframework.beans.factory.support.DefaultListableBeanFactory  27 十一月 2011 04:05:33,687 
Finished creating instance of bean 'hijackAroundMethodBeanAdvice' [main] DEBUG org.springframework.beans.factory.support.DefaultListableBeanFactory  27 十一月 2011 04:05:33,687 
Creating shared instance of singleton bean 'customerServiceProxy' [main] DEBUG org.springframework.beans.factory.support.DefaultListableBeanFactory  27 十一月 2011 04:05:33,687 
Creating instance of bean 'customerServiceProxy' [main] DEBUG org.springframework.beans.factory.support.DefaultListableBeanFactory  27 十一月 2011 04:05:33,687 
Eagerly caching bean 'customerServiceProxy' to allow for resolving potential circular references [main] DEBUG org.springframework.beans.factory.support.DefaultListableBeanFactory  27 十一月 2011 04:05:33,718 
Returning cached instance of singleton bean 'customerService' [main] DEBUG org.springframework.beans.factory.support.DefaultListableBeanFactory  27 十一月 2011 04:05:33,718 
Finished creating instance of bean 'customerServiceProxy' [main] DEBUG org.springframework.beans.factory.support.DefaultListableBeanFactory  27 十一月 2011 04:05:33,734 
Creating shared instance of singleton bean 'customerAdvisor' [main] DEBUG org.springframework.beans.factory.support.DefaultListableBeanFactory  27 十一月 2011 04:05:33,734 
Creating instance of bean 'customerAdvisor' [main] DEBUG org.springframework.beans.factory.support.DefaultListableBeanFactory  27 十一月 2011 04:05:33,734 
Eagerly caching bean 'customerAdvisor' to allow for resolving potential circular references [main] DEBUG org.springframework.beans.factory.support.DefaultListableBeanFactory  27 十一月 2011 04:05:33,734 
Returning cached instance of singleton bean 'hijackAroundMethodBeanAdvice' [main] DEBUG org.springframework.beans.factory.support.DefaultListableBeanFactory  27 十一月 2011 04:05:33,750 
Finished creating instance of bean 'customerAdvisor' [main] DEBUG org.springframework.beans.factory.support.DefaultListableBeanFactory  27 十一月 2011 04:05:33,750 
Returning cached instance of singleton bean 'customerServiceProxy' [main] DEBUG org.springframework.beans.factory.support.DefaultListableBeanFactory  27 十一月 2011 04:05:33,750 
Returning cached instance of singleton bean 'customerAdvisor' [main] DEBUG org.springframework.beans.factory.support.DefaultListableBeanFactory  27 十一月 2011 04:05:33,750 
Advice has changed; recaching singleton instance [main] DEBUG org.springframework.aop.framework.ProxyFactoryBean  27 十一月 2011 04:05:33,750 
Creating CGLIB2 proxy: target source is SingletonTargetSource for target object [com.mkyong.customer.services.CustomerService@17725c4] [main] DEBUG org.springframework.aop.framework.Cglib2AopProxy  27 十一月 2011 04:05:33,750 
Unable to apply any optimisations to advised method: public void com.mkyong.customer.services.CustomerService.printName() [main] DEBUG org.springframework.aop.framework.Cglib2AopProxy  27 十一月 2011 04:05:33,890 
Unable to apply any optimisations to advised method: public void com.mkyong.customer.services.CustomerService.printURL() [main] DEBUG org.springframework.aop.framework.Cglib2AopProxy  27 十一月 2011 04:05:33,890 
Unable to apply any optimisations to advised method: public void com.mkyong.customer.services.CustomerService.printThrowException() [main] DEBUG org.springframework.aop.framework.Cglib2AopProxy  27 十一月 2011 04:05:33,890 
Unable to apply any optimisations to advised method: public void com.mkyong.customer.services.CustomerService.setUrl(java.lang.String) [main] DEBUG org.springframework.aop.framework.Cglib2AopProxy  27 十一月 2011 04:05:33,890 
Unable to apply any optimisations to advised method: public void com.mkyong.customer.services.CustomerService.setName(java.lang.String) [main] DEBUG org.springframework.aop.framework.Cglib2AopProxy  27 十一月 2011 04:05:33,890 
Found finalize() method - using NO_OVERRIDE [main] DEBUG org.springframework.aop.framework.Cglib2AopProxy  27 十一月 2011 04:05:33,890 
Found 'equals' method: public boolean java.lang.Object.equals(java.lang.Object) [main] DEBUG org.springframework.aop.framework.Cglib2AopProxy  27 十一月 2011 04:05:33,890 
Unable to apply any optimisations to advised method: public java.lang.String java.lang.Object.toString() [main] DEBUG org.springframework.aop.framework.Cglib2AopProxy  27 十一月 2011 04:05:33,890 
Found 'hashCode' method: public native int java.lang.Object.hashCode() [main] DEBUG org.springframework.aop.framework.Cglib2AopProxy  27 十一月 2011 04:05:33,890 
Unable to apply any optimisations to advised method: protected native java.lang.Object java.lang.Object.clone() throws java.lang.CloneNotSupportedException [main] DEBUG org.springframework.aop.framework.Cglib2AopProxy  27 十一月 2011 04:05:33,890 
Method is declared on Advised interface: public abstract java.lang.Class[] org.springframework.aop.framework.Advised.getProxiedInterfaces() [main] DEBUG org.springframework.aop.framework.Cglib2AopProxy  27 十一月 2011 04:05:33,890 
Method is declared on Advised interface: public abstract boolean org.springframework.aop.framework.Advised.isProxyTargetClass() [main] DEBUG org.springframework.aop.framework.Cglib2AopProxy  27 十一月 2011 04:05:33,890 
Method is declared on Advised interface: public abstract org.springframework.aop.Advisor[] org.springframework.aop.framework.Advised.getAdvisors() [main] DEBUG org.springframework.aop.framework.Cglib2AopProxy  27 十一月 2011 04:05:33,890 
Method is declared on Advised interface: public abstract void org.springframework.aop.framework.Advised.addAdvisor(org.springframework.aop.Advisor) throws org.springframework.aop.framework.AopConfigException [main] DEBUG org.springframework.aop.framework.Cglib2AopProxy  27 十一月 2011 04:05:33,890 
Method is declared on Advised interface: public abstract void org.springframework.aop.framework.Advised.addAdvisor(int,org.springframework.aop.Advisor) throws org.springframework.aop.framework.AopConfigException [main] DEBUG org.springframework.aop.framework.Cglib2AopProxy  27 十一月 2011 04:05:33,890 
Method is declared on Advised interface: public abstract void org.springframework.aop.framework.Advised.setTargetSource(org.springframework.aop.TargetSource) [main] DEBUG org.springframework.aop.framework.Cglib2AopProxy  27 十一月 2011 04:05:33,890 
Method is declared on Advised interface: public abstract org.springframework.aop.TargetSource org.springframework.aop.framework.Advised.getTargetSource() [main] DEBUG org.springframework.aop.framework.Cglib2AopProxy  27 十一月 2011 04:05:33,890 
Method is declared on Advised interface: public abstract void org.springframework.aop.framework.Advised.setPreFiltered(boolean) [main] DEBUG org.springframework.aop.framework.Cglib2AopProxy  27 十一月 2011 04:05:33,890 
Method is declared on Advised interface: public abstract boolean org.springframework.aop.framework.Advised.isPreFiltered() [main] DEBUG org.springframework.aop.framework.Cglib2AopProxy  27 十一月 2011 04:05:33,890 
Method is declared on Advised interface: public abstract boolean org.springframework.aop.framework.Advised.isInterfaceProxied(java.lang.Class) [main] DEBUG org.springframework.aop.framework.Cglib2AopProxy  27 十一月 2011 04:05:33,890 
Method is declared on Advised interface: public abstract void org.springframework.aop.framework.Advised.removeAdvisor(int) throws org.springframework.aop.framework.AopConfigException [main] DEBUG org.springframework.aop.framework.Cglib2AopProxy  27 十一月 2011 04:05:33,890 
Method is declared on Advised interface: public abstract boolean org.springframework.aop.framework.Advised.removeAdvisor(org.springframework.aop.Advisor) [main] DEBUG org.springframework.aop.framework.Cglib2AopProxy  27 十一月 2011 04:05:33,890 
Method is declared on Advised interface: public abstract boolean org.springframework.aop.framework.Advised.isFrozen() [main] DEBUG org.springframework.aop.framework.Cglib2AopProxy  27 十一月 2011 04:05:33,890 
Method is declared on Advised interface: public abstract boolean org.springframework.aop.framework.Advised.replaceAdvisor(org.springframework.aop.Advisor,org.springframework.aop.Advisor) throws org.springframework.aop.framework.AopConfigException [main] DEBUG org.springframework.aop.framework.Cglib2AopProxy  27 十一月 2011 04:05:33,890 
Method is declared on Advised interface: public abstract void org.springframework.aop.framework.Advised.addAdvice(int,org.aopalliance.aop.Advice) throws org.springframework.aop.framework.AopConfigException [main] DEBUG org.springframework.aop.framework.Cglib2AopProxy  27 十一月 2011 04:05:33,890 
Method is declared on Advised interface: public abstract void org.springframework.aop.framework.Advised.addAdvice(org.aopalliance.aop.Advice) throws org.springframework.aop.framework.AopConfigException [main] DEBUG org.springframework.aop.framework.Cglib2AopProxy  27 十一月 2011 04:05:33,890 
Method is declared on Advised interface: public abstract boolean org.springframework.aop.framework.Advised.removeAdvice(org.aopalliance.aop.Advice) [main] DEBUG org.springframework.aop.framework.Cglib2AopProxy  27 十一月 2011 04:05:33,890 
Method is declared on Advised interface: public abstract java.lang.String org.springframework.aop.framework.Advised.toProxyConfigString() [main] DEBUG org.springframework.aop.framework.Cglib2AopProxy  27 十一月 2011 04:05:33,890 
Method is declared on Advised interface: public abstract void org.springframework.aop.framework.Advised.setExposeProxy(boolean) [main] DEBUG org.springframework.aop.framework.Cglib2AopProxy  27 十一月 2011 04:05:33,890 
Method is declared on Advised interface: public abstract boolean org.springframework.aop.framework.Advised.isExposeProxy() [main] DEBUG org.springframework.aop.framework.Cglib2AopProxy  27 十一月 2011 04:05:33,890 
Method is declared on Advised interface: public abstract int org.springframework.aop.framework.Advised.indexOf(org.aopalliance.aop.Advice) [main] DEBUG org.springframework.aop.framework.Cglib2AopProxy  27 十一月 2011 04:05:33,890 
Method is declared on Advised interface: public abstract int org.springframework.aop.framework.Advised.indexOf(org.springframework.aop.Advisor) [main] DEBUG org.springframework.aop.framework.Cglib2AopProxy  27 十一月 2011 04:05:33,906 
Method is declared on Advised interface: public abstract java.lang.Class org.springframework.aop.TargetClassAware.getTargetClass() [main] DEBUG org.springframework.aop.framework.Cglib2AopProxy  27 十一月 2011 04:05:33,906 
