0    [main] DEBUG testing.MyQuery  14 十二月 2011 12:25:39,296 - 0
0    [main] DEBUG testing.MyQuery  14 十二月 2011 12:26:54,734 - 0
0    [main] DEBUG testing.MyQuery  14 十二月 2011 12:33:04,515 - lastname-> Smitty
0    [main] DEBUG testing.MyQuery  14 十二月 2011 12:36:12,281 - lastname-> Smitty
0    [main] DEBUG testing.MyQuery  14 十二月 2011 12:36:12,281 - Done!
0    [main] DEBUG testing.MyQuery  14 十二月 2011 12:37:08,468 - lastname-> Smitty
110  [main] DEBUG testing.MyQuery  14 十二月 2011 12:37:08,578 - Done!
0    [main] DEBUG testing.MyQuery  14 十二月 2011 12:37:45,562 - lastname-> Smitty
16   [main] DEBUG testing.MyQuery  14 十二月 2011 12:37:45,578 - Done!
0    [main] DEBUG testing.MyQuery  14 十二月 2011 12:38:58,953 - lastname-> Smitty
0    [main] DEBUG testing.MyQuery  14 十二月 2011 12:43:40,468 - lastname-> Smitty
453  [main] DEBUG testing.MyQuery  14 十二月 2011 12:43:40,921 - Done!
0    [main] DEBUG testing.MyQuery  14 十二月 2011 12:44:21,843 - lastname-> Smitty
360  [main] DEBUG testing.MyQuery  14 十二月 2011 12:44:22,203 - TOPEmployee Management
360  [main] DEBUG testing.MyQuery  14 十二月 2011 12:44:22,203 - Done!
0    [main] DEBUG testing.MyQuery  14 十二月 2011 12:46:51,109 - lastname-> Smitty
375  [main] DEBUG testing.MyQuery  14 十二月 2011 12:46:51,484 - TOPEmployee Management
0    [main] DEBUG testing.MyQuery  14 十二月 2011 12:56:07,500 - lastname-> Smitty
437  [main] DEBUG testing.MyQuery  14 十二月 2011 12:56:07,937 - TOPEmployee Management
453  [main] DEBUG testing.MyQuery  14 十二月 2011 12:56:07,953 -  projects 1
453  [main] DEBUG testing.MyQuery  14 十二月 2011 12:56:07,953 - Done!
0    [main] DEBUG testing.MyQuery  14 十二月 2011 13:21:45,312 - Done!
